<?xml version="1.0" encoding="UTF-8"?>
<!-- Generated by org.testng.reporters.JUnitReportReporter -->
<testsuite hostname="DESKTOP-JU827HG" name="MyMavenProject.MyMavenProjectPractice.JenkinsTest" tests="1" failures="0" timestamp="17 Feb 2018 08:40:26 GMT" time="13.394" errors="0">
  <testcase name="verifyTitle" time="13.394" classname="MyMavenProject.MyMavenProjectPractice.JenkinsTest"/>
</testsuite> <!-- MyMavenProject.MyMavenProjectPractice.JenkinsTest -->
