<?xml version="1.0" encoding="UTF-8"?>
<!-- Generated by org.testng.reporters.JUnitReportReporter -->
<testsuite hostname="DESKTOP-JU827HG" name="MyMavenProject.MyMavenProjectPractice.JenkinsTest" tests="1" failures="0" timestamp="11 Feb 2018 12:01:22 GMT" time="14.118" errors="0">
  <testcase name="verifyTitle" time="14.118" classname="MyMavenProject.MyMavenProjectPractice.JenkinsTest"/>
</testsuite> <!-- MyMavenProject.MyMavenProjectPractice.JenkinsTest -->
